<?xml version="1.0" encoding="UTF-8"?>
<testng-results ignored="0" total="1" passed="1" failed="0" skipped="0">
  <reporter-output>
  </reporter-output>
  <suite started-at="2026-01-02T00:50:35 IST" name="Default suite" finished-at="2026-01-02T00:50:47 IST" duration-ms="11946">
    <groups>
    </groups>
    <test started-at="2026-01-02T00:50:35 IST" name="Default test" finished-at="2026-01-02T00:50:47 IST" duration-ms="11946">
      <class name="com.TestCases.EndToEndTest">
        <test-method is-config="true" signature="launchURL()[pri:0, instance:com.TestCases.EndToEndTest@3754a4bf]" started-at="2026-01-02T00:50:35 IST" name="launchURL" finished-at="2026-01-02T00:50:38 IST" duration-ms="2504" status="PASS">
          <reporter-output>
          </reporter-output>
        </test-method> <!-- launchURL -->
        <test-method signature="BusTripSelector()[pri:0, instance:com.TestCases.EndToEndTest@3754a4bf]" started-at="2026-01-02T00:50:38 IST" name="BusTripSelector" finished-at="2026-01-02T00:50:47 IST" duration-ms="9380" status="PASS">
          <reporter-output>
          </reporter-output>
        </test-method> <!-- BusTripSelector -->
      </class> <!-- com.TestCases.EndToEndTest -->
    </test> <!-- Default test -->
  </suite> <!-- Default suite -->
</testng-results>
